<?xml version="1.0" encoding="UTF-8"?>
<!-- Generated by org.testng.reporters.JUnitReportReporter -->
<testsuite skipped="0" hostname="PDCDT01GY4ZVQ1" name="com.amazon.testpage.RegistrationTest" tests="7" failures="0" timestamp="2020-01-20T11:46:50 GMT" time="197.475" errors="0">
  <testcase name="ScenarioFive" time="16.396" classname="com.amazon.testpage.RegistrationTest"/>
  <system-out/>
  <testcase name="ScenarioFour" time="4.850" classname="com.amazon.testpage.RegistrationTest"/>
  <system-out/>
  <testcase name="ScenarioSeven" time="19.184" classname="com.amazon.testpage.RegistrationTest"/>
  <system-out/>
  <testcase name="ScenarioSix" time="7.853" classname="com.amazon.testpage.RegistrationTest"/>
  <system-out/>
  <testcase name="ScenarioTwo" time="32.072" classname="com.amazon.testpage.RegistrationTest"/>
  <system-out/>
  <testcase name="ScenarioOne" time="76.043" classname="com.amazon.testpage.RegistrationTest"/>
  <system-out/>
  <testcase name="ScenarioThree" time="41.077" classname="com.amazon.testpage.RegistrationTest"/>
  <system-out/>
</testsuite> <!-- com.amazon.testpage.RegistrationTest -->
